-------------------------------------------------------------------------------
Test set: com.bankofkigali.testcases.HomePageTest
-------------------------------------------------------------------------------
Tests run: 8, Failures: 8, Errors: 0, Skipped: 0, Time elapsed: 2.041 sec <<< FAILURE!
OpenBrowser(com.bankofkigali.testcases.HomePageTest)  Time elapsed: 0.423 sec  <<< FAILURE!
java.lang.IllegalStateException: The driver executable does not exist: /Users/josphatmuindi/Desktop/Research/BankOfKigali\lib\chromedriver.exe
	at com.google.common.base.Preconditions.checkState(Preconditions.java:199)
	at org.openqa.selenium.remote.service.DriverService.checkExecutable(DriverService.java:121)
	at org.openqa.selenium.remote.service.DriverService.findExecutable(DriverService.java:116)
	at org.openqa.selenium.chrome.ChromeDriverService.access$000(ChromeDriverService.java:32)
	at org.openqa.selenium.chrome.ChromeDriverService$Builder.findDefaultExecutable(ChromeDriverService.java:137)
	at org.openqa.selenium.remote.service.DriverService$Builder.build(DriverService.java:296)
	at org.openqa.selenium.chrome.ChromeDriverService.createDefaultService(ChromeDriverService.java:88)
	at org.openqa.selenium.chrome.ChromeDriver.<init>(ChromeDriver.java:120)
	at com.bankofkigali.testcases.HomePageTest.OpenBrowser(HomePageTest.java:32)
confirmAssertCardCentre(com.bankofkigali.testcases.HomePageTest)  Time elapsed: 0.027 sec  <<< FAILURE!
java.lang.NullPointerException
	at com.bankofkigali.testcases.HomePageTest.confirmAssertCardCentre(HomePageTest.java:79)
confirmAssertGetALoan(com.bankofkigali.testcases.HomePageTest)  Time elapsed: 0.004 sec  <<< FAILURE!
java.lang.NullPointerException
	at com.bankofkigali.testcases.HomePageTest.confirmAssertGetALoan(HomePageTest.java:54)
confirmAssertGetAMortgage(com.bankofkigali.testcases.HomePageTest)  Time elapsed: 0.011 sec  <<< FAILURE!
java.lang.NullPointerException
	at com.bankofkigali.testcases.HomePageTest.confirmAssertGetAMortgage(HomePageTest.java:66)
confirmAssertJointAccount(com.bankofkigali.testcases.HomePageTest)  Time elapsed: 0.007 sec  <<< FAILURE!
java.lang.NullPointerException
	at com.bankofkigali.testcases.HomePageTest.confirmAssertJointAccount(HomePageTest.java:109)
confirmAssertOpenAccount(com.bankofkigali.testcases.HomePageTest)  Time elapsed: 0.001 sec  <<< FAILURE!
java.lang.NullPointerException
	at com.bankofkigali.testcases.HomePageTest.confirmAssertOpenAccount(HomePageTest.java:41)
confirmAssertPersonalAccount(com.bankofkigali.testcases.HomePageTest)  Time elapsed: 0.002 sec  <<< FAILURE!
java.lang.NullPointerException
	at com.bankofkigali.testcases.HomePageTest.confirmAssertPersonalAccount(HomePageTest.java:93)
confirmAssertSellPriceBuyPrice(com.bankofkigali.testcases.HomePageTest)  Time elapsed: 0.005 sec  <<< FAILURE!
java.lang.NullPointerException
	at com.bankofkigali.testcases.HomePageTest.confirmAssertSellPriceBuyPrice(HomePageTest.java:125)
