<?xml version="1.0" encoding="UTF-8"?>
<!-- Generated by org.testng.reporters.JUnitXMLReporter -->
<testsuite hostname="Josphats-MacBook-Pro.local" ignored="0" name="Command line test" tests="8" failures="8" timestamp="19 Nov 2018 13:52:56 GMT" time="0.615" errors="0">
  <testcase name="OpenBrowser" time="0.398" classname="com.bankofkigali.testcases.HomePageTest">
    <failure type="java.lang.IllegalStateException" message="The driver executable does not exist: /Users/josphatmuindi/Desktop/Research/BankOfKigali\lib\chromedriver.exe">
      <![CDATA[java.lang.IllegalStateException: The driver executable does not exist: /Users/josphatmuindi/Desktop/Research/BankOfKigali\lib\chromedriver.exeat com.google.common.base.Preconditions.checkState(Preconditions.java:199)at org.openqa.selenium.remote.service.DriverService.checkExecutable(DriverService.java:121)at org.openqa.selenium.remote.service.DriverService.findExecutable(DriverService.java:116)at org.openqa.selenium.chrome.ChromeDriverService.access$000(ChromeDriverService.java:32)at org.openqa.selenium.chrome.ChromeDriverService$Builder.findDefaultExecutable(ChromeDriverService.java:137)at org.openqa.selenium.remote.service.DriverService$Builder.build(DriverService.java:296)at org.openqa.selenium.chrome.ChromeDriverService.createDefaultService(ChromeDriverService.java:88)at org.openqa.selenium.chrome.ChromeDriver.<init>(ChromeDriver.java:120)at com.bankofkigali.testcases.HomePageTest.OpenBrowser(HomePageTest.java:32)... Removed 34 stack frames]]>
    </failure>
  </testcase> <!-- OpenBrowser -->
  <testcase name="confirmAssertCardCentre" time="0.025" classname="com.bankofkigali.testcases.HomePageTest">
    <failure type="java.lang.NullPointerException">
      <![CDATA[java.lang.NullPointerExceptionat com.bankofkigali.testcases.HomePageTest.confirmAssertCardCentre(HomePageTest.java:79)... Removed 34 stack frames]]>
    </failure>
  </testcase> <!-- confirmAssertCardCentre -->
  <testcase name="confirmAssertGetALoan" time="0.001" classname="com.bankofkigali.testcases.HomePageTest">
    <failure type="java.lang.NullPointerException">
      <![CDATA[java.lang.NullPointerExceptionat com.bankofkigali.testcases.HomePageTest.confirmAssertGetALoan(HomePageTest.java:54)... Removed 34 stack frames]]>
    </failure>
  </testcase> <!-- confirmAssertGetALoan -->
  <testcase name="confirmAssertGetAMortgage" time="0.007" classname="com.bankofkigali.testcases.HomePageTest">
    <failure type="java.lang.NullPointerException">
      <![CDATA[java.lang.NullPointerExceptionat com.bankofkigali.testcases.HomePageTest.confirmAssertGetAMortgage(HomePageTest.java:66)... Removed 34 stack frames]]>
    </failure>
  </testcase> <!-- confirmAssertGetAMortgage -->
  <testcase name="confirmAssertJointAccount" time="0.006" classname="com.bankofkigali.testcases.HomePageTest">
    <failure type="java.lang.NullPointerException">
      <![CDATA[java.lang.NullPointerExceptionat com.bankofkigali.testcases.HomePageTest.confirmAssertJointAccount(HomePageTest.java:109)... Removed 34 stack frames]]>
    </failure>
  </testcase> <!-- confirmAssertJointAccount -->
  <testcase name="confirmAssertOpenAccount" time="0.001" classname="com.bankofkigali.testcases.HomePageTest">
    <failure type="java.lang.NullPointerException">
      <![CDATA[java.lang.NullPointerExceptionat com.bankofkigali.testcases.HomePageTest.confirmAssertOpenAccount(HomePageTest.java:41)... Removed 34 stack frames]]>
    </failure>
  </testcase> <!-- confirmAssertOpenAccount -->
  <testcase name="confirmAssertPersonalAccount" time="0.001" classname="com.bankofkigali.testcases.HomePageTest">
    <failure type="java.lang.NullPointerException">
      <![CDATA[java.lang.NullPointerExceptionat com.bankofkigali.testcases.HomePageTest.confirmAssertPersonalAccount(HomePageTest.java:93)... Removed 34 stack frames]]>
    </failure>
  </testcase> <!-- confirmAssertPersonalAccount -->
  <testcase name="confirmAssertSellPriceBuyPrice" time="0.003" classname="com.bankofkigali.testcases.HomePageTest">
    <failure type="java.lang.NullPointerException">
      <![CDATA[java.lang.NullPointerExceptionat com.bankofkigali.testcases.HomePageTest.confirmAssertSellPriceBuyPrice(HomePageTest.java:125)... Removed 34 stack frames]]>
    </failure>
  </testcase> <!-- confirmAssertSellPriceBuyPrice -->
</testsuite> <!-- Command line test -->
